<?xml version="1.0" encoding="UTF-8"?>
<!-- Generated by org.testng.reporters.JUnitXMLReporter -->
<testsuite ignored="0" hostname="LAPPY-SANDY" failures="0" tests="3" name="Default test" time="0.09" errors="0" timestamp="2020-03-10T19:50:44 IST">
  <testcase classname="flow_Control.analaysis" name="test_analys" time="0.014"/>
  <testcase classname="flow_Control.analaysis" name="test_analy" time="0.002"/>
  <testcase classname="flow_Control.analaysis" name="test_analysis" time="0.003"/>
</testsuite> <!-- Default test -->
