<?xml version="1.0" encoding="UTF-8"?>
<!-- Generated by org.testng.reporters.JUnitXMLReporter -->
<testsuite ignored="0" hostname="LAPPY-SANDY" failures="1" tests="1" name="Test" time="1.104" errors="0" timestamp="2020-03-14T19:28:06 IST">
  <testcase classname="ReadExcelData.TestData" name="testTestData" time="1.039">
    <failure type="java.lang.NullPointerException">
      <![CDATA[java.lang.NullPointerException
at ReadExcelData.TestData.testTestData(TestData.java:26)
at java.base/java.util.ArrayList.forEach(ArrayList.java:1507)
... Removed 27 stack frames]]>
    </failure>
  </testcase> <!-- testTestData -->
</testsuite> <!-- Test -->
