<?xml version="1.0" encoding="UTF-8"?><testsuite failures="0" name="cucumber.runtime.formatter.JUnitFormatter" skipped="0" tests="1" time="23.994619">
<testcase classname="login into actiTime" name="login into actiTime test case" time="23.994619">
<system-out><![CDATA[Given user present on actTime login page....................................passed
When title of login page is actiTime........................................passed
Then user enters username and password......................................passed
Then user clicks on login button............................................passed
Then user will direct to actiTime HomePage..................................passed
Then user clicks on Add New Task............................................passed
And finally logout close browser............................................passed
]]></system-out>
</testcase>
</testsuite>
