<?xml version="1.0" encoding="UTF-8"?>
<!-- Generated by org.testng.reporters.JUnitXMLReporter -->
<testsuite ignored="0" hostname="LAPPY-SANDY" failures="2" tests="5" name="Test" time="428.128" errors="0" timestamp="2020-03-10T19:39:22 IST">
  <testcase classname="SuggesterCRM.lock_App" name="testlock_App" time="51.063"/>
  <testcase classname="SuggesterCRM.Automate" name="testAutomate" time="72.768">
    <failure type="org.openqa.selenium.interactions.MoveTargetOutOfBoundsException" message="(63, 1097) is out of bounds of viewport width (1366) and height (693)
Build info: version: &amp;apos;3.14.0&amp;apos;, revision: &amp;apos;aacccce0&amp;apos;, time: &amp;apos;2018-08-02T20:13:22.693Z&amp;apos;
System info: host: &amp;apos;LAPPY-SANDY&amp;apos;, ip: &amp;apos;192.168.133.1&amp;apos;, os.name: &amp;apos;Windows 10&amp;apos;, os.arch: &amp;apos;amd64&amp;apos;, os.version: &amp;apos;10.0&amp;apos;, java.version: &amp;apos;13.0.1&amp;apos;
Driver info: org.openqa.selenium.firefox.FirefoxDriver
Capabilities {acceptInsecureCerts: true, browserName: firefox, browserVersion: 73.0.1, javascriptEnabled: true, moz:accessibilityChecks: false, moz:buildID: 20200217142647, moz:geckodriverVersion: 0.22.0, moz:headless: false, moz:processID: 3508, moz:profile: C:\Users\sandeepkumarakki\A..., moz:shutdownTimeout: 60000, moz:useNonSpecCompliantPointerOrigin: false, moz:webdriverClick: true, pageLoadStrategy: normal, platform: WINDOWS, platformName: WINDOWS, platformVersion: 10.0, rotatable: false, setWindowRect: true, strictFileInteractability: false, timeouts: {implicit: 0, pageLoad: 300000, script: 30000}, unhandledPromptBehavior: dismiss and notify}
Session ID: bb113600-f261-4b0e-9f7c-efd294848f57">
      <![CDATA[org.openqa.selenium.interactions.MoveTargetOutOfBoundsException: (63, 1097) is out of bounds of viewport width (1366) and height (693)
Build info: version: '3.14.0', revision: 'aacccce0', time: '2018-08-02T20:13:22.693Z'
System info: host: 'LAPPY-SANDY', ip: '192.168.133.1', os.name: 'Windows 10', os.arch: 'amd64', os.version: '10.0', java.version: '13.0.1'
Driver info: org.openqa.selenium.firefox.FirefoxDriver
Capabilities {acceptInsecureCerts: true, browserName: firefox, browserVersion: 73.0.1, javascriptEnabled: true, moz:accessibilityChecks: false, moz:buildID: 20200217142647, moz:geckodriverVersion: 0.22.0, moz:headless: false, moz:processID: 3508, moz:profile: C:\Users\sandeepkumarakki\A..., moz:shutdownTimeout: 60000, moz:useNonSpecCompliantPointerOrigin: false, moz:webdriverClick: true, pageLoadStrategy: normal, platform: WINDOWS, platformName: WINDOWS, platformVersion: 10.0, rotatable: false, setWindowRect: true, strictFileInteractability: false, timeouts: {implicit: 0, pageLoad: 300000, script: 30000}, unhandledPromptBehavior: dismiss and notify}
Session ID: bb113600-f261-4b0e-9f7c-efd294848f57
at org.openqa.selenium.remote.http.W3CHttpResponseCodec.createException(W3CHttpResponseCodec.java:187)
at org.openqa.selenium.remote.http.W3CHttpResponseCodec.decode(W3CHttpResponseCodec.java:122)
at org.openqa.selenium.remote.http.W3CHttpResponseCodec.decode(W3CHttpResponseCodec.java:49)
at org.openqa.selenium.remote.HttpCommandExecutor.execute(HttpCommandExecutor.java:158)
at org.openqa.selenium.remote.service.DriverCommandExecutor.execute(DriverCommandExecutor.java:83)
at org.openqa.selenium.remote.RemoteWebDriver.execute(RemoteWebDriver.java:548)
at org.openqa.selenium.remote.RemoteWebDriver.perform(RemoteWebDriver.java:614)
at org.openqa.selenium.interactions.Actions$BuiltAction.perform(Actions.java:640)
at SuggesterCRM.Automate.testAutomate(Automate.java:31)
at java.base/java.util.ArrayList.forEach(ArrayList.java:1507)
... Removed 32 stack frames]]>
    </failure>
  </testcase> <!-- testAutomate -->
  <testcase classname="SuggesterCRM.advXpath" name="testavXpath" time="43.995"/>
  <testcase classname="SuggesterCRM.RobotClas" name="testRobotClas" time="102.31"/>
  <testcase classname="SuggesterCRM.ScreenShot" name="testScreenshot" time="157.908">
    <failure type="org.apache.commons.io.FileExistsException" message="Destination &amp;apos;C:\Screenshots\suggesterCRM.jpg&amp;apos; already exists">
      <![CDATA[org.apache.commons.io.FileExistsException: Destination 'C:\Screenshots\suggesterCRM.jpg' already exists
at org.apache.commons.io.FileUtils.moveFile(FileUtils.java:3001)
at SuggesterCRM.ScreenShot.testScreenshot(ScreenShot.java:28)
at java.base/java.util.ArrayList.forEach(ArrayList.java:1507)
... Removed 27 stack frames]]>
    </failure>
  </testcase> <!-- testScreenshot -->
</testsuite> <!-- Test -->
