<?xml version="1.0" encoding="UTF-8"?>
<testng-results ignored="0" total="1" passed="1" failed="0" skipped="0">
  <reporter-output>
  </reporter-output>
  <suite started-at="2020-04-03T12:30:15 IST" name="Default suite" finished-at="2020-04-03T12:31:51 IST" duration-ms="95728">
    <groups>
    </groups>
    <test started-at="2020-04-03T12:30:15 IST" name="Default test" finished-at="2020-04-03T12:31:51 IST" duration-ms="95728">
      <class name="DataDrivn.createProject">
        <test-method signature="testcreateProject()[pri:0, instance:DataDrivn.createProject@4fb61f4a]" started-at="2020-04-03T12:30:15 IST" name="testcreateProject" finished-at="2020-04-03T12:31:51 IST" duration-ms="95624" status="PASS">
          <reporter-output>
          </reporter-output>
        </test-method> <!-- testcreateProject -->
      </class> <!-- DataDrivn.createProject -->
    </test> <!-- Default test -->
  </suite> <!-- Default suite -->
</testng-results>
